 -0.69228697047863541       -1.1990762184963002        0.0000000000000000     
 -0.12700000000000000     
 -0.12700000000000000     
   2.7530000000000001     
   2.7530000000000001     

 -0.66921073812934750       -1.1591070112130901        0.0000000000000000     
 -0.12800000000000000     
 -0.12800000000000000     
   2.7450000000000001     
   2.7450000000000001     

 -0.64613450578005971       -1.1191378039298803        0.0000000000000000     
 -0.13100000000000001     
 -0.13100000000000001     
   2.7050000000000001     
   2.7080000000000002     

 -0.62305827343077191       -1.0791685966466702        0.0000000000000000     
 -0.13700000000000001     
 -0.13700000000000001     
   2.6280000000000001     
   2.6349999999999998     

 -0.59998204108148401       -1.0391993893634601        0.0000000000000000     
 -0.14699999999999999     
 -0.14699999999999999     
   2.5289999999999999     
   2.5379999999999998     

 -0.57690580873219621      -0.99923018208025005        0.0000000000000000     
 -0.16200000000000001     
 -0.16100000000000000     
   2.4169999999999998     
   2.4289999999999998     

 -0.55382957638290831      -0.95926097479704009        0.0000000000000000     
 -0.18300000000000000     
 -0.18200000000000000     
   2.3029999999999999     
   2.3170000000000002     

 -0.53075334403362051      -0.91929176751383013        0.0000000000000000     
 -0.21199999999999999     
 -0.20999999999999999     
   2.1949999999999998     
   2.2090000000000001     

 -0.50767711168433260      -0.87932256023062005        0.0000000000000000     
 -0.24900000000000000     
 -0.24600000000000000     
   2.0790000000000002     
   2.0890000000000000     

 -0.48460087933504481      -0.83935335294741020        0.0000000000000000     
 -0.29599999999999999     
 -0.29099999999999998     
   1.9480000000000000     
   1.9580000000000000     

 -0.46152464698575696      -0.79938414566420013        0.0000000000000000     
 -0.35099999999999998     
 -0.34200000000000003     
   1.8320000000000001     
   1.8400000000000001     

 -0.43844841463646911      -0.75941493838099017        0.0000000000000000     
 -0.40999999999999998     
 -0.39800000000000002     
   1.7300000000000000     
   1.7350000000000001     

 -0.41537218228718120      -0.71944573109777998        0.0000000000000000     
 -0.46899999999999997     
 -0.45100000000000001     
   1.6419999999999999     
   1.6430000000000000     

 -0.39229594993789341      -0.67947652381457002        0.0000000000000000     
 -0.52100000000000002     
 -0.49700000000000000     
   1.5609999999999999     
   1.5669999999999999     

 -0.36921971758860556      -0.63950731653136006        0.0000000000000000     
 -0.55800000000000005     
 -0.52800000000000002     
   1.4880000000000000     
   1.5020000000000000     

 -0.34614348523931771      -0.59953810924815010        0.0000000000000000     
 -0.57799999999999996     
 -0.54300000000000004     
   1.4270000000000000     
   1.4500000000000000     

 -0.32306725289002985      -0.55956890196494014        0.0000000000000000     
 -0.58099999999999996     
 -0.54100000000000004     
   1.3839999999999999     
   1.4139999999999999     

 -0.29999102054074200      -0.51959969468173006        0.0000000000000000     
 -0.56999999999999995     
 -0.52700000000000002     
   1.3630000000000000     
   1.3990000000000000     

 -0.27691478819145415      -0.47963048739852004        0.0000000000000000     
 -0.54800000000000004     
 -0.50300000000000000     
   1.3670000000000000     
   1.4079999999999999     

 -0.25383855584216630      -0.43966128011531003        0.0000000000000000     
 -0.51900000000000002     
 -0.47099999999999997     
   1.3959999999999999     
   1.4410000000000001     

 -0.23076232349287848      -0.39969207283210006        0.0000000000000000     
 -0.48199999999999998     
 -0.43300000000000000     
   1.4490000000000001     
   1.4580000000000000     

 -0.20768609114359063      -0.35972286554889005        0.0000000000000000     
 -0.43900000000000000     
 -0.38900000000000001     
   1.4110000000000000     
   1.4239999999999999     

 -0.18460985879430281      -0.31975365826568009        0.0000000000000000     
 -0.39000000000000001     
 -0.33800000000000002     
   1.3580000000000001     
   1.3700000000000001     

 -0.16153362644501490      -0.27978445098246996        0.0000000000000000     
 -0.33500000000000002     
 -0.28199999999999997     
   1.3000000000000000     
   1.3109999999999999     

 -0.13845739409572705      -0.23981524369925999        0.0000000000000000     
 -0.27700000000000002     
 -0.22200000000000000     
   1.2390000000000001     
   1.2490000000000001     

 -0.11538116174643921      -0.19984603641604998        0.0000000000000000     
 -0.21600000000000000     
 -0.15900000000000000     
   1.1770000000000000     
   1.1850000000000001     

  -9.2304929397151375E-002 -0.15987682913283999        0.0000000000000000     
 -0.15800000000000000     
  -9.8000000000000004E-002
   1.1180000000000001     
   1.1230000000000000     

  -6.9228697047863524E-002 -0.11990762184963000        0.0000000000000000     
 -0.10600000000000000     
  -4.2000000000000003E-002
   1.0649999999999999     
   1.0680000000000001     

  -4.6152464698575688E-002  -7.9938414566419994E-002   0.0000000000000000     
  -6.4000000000000001E-002
   2.0000000000000000E-003
   1.0229999999999999     
   1.0240000000000000     

  -2.3076232349287844E-002  -3.9969207283209997E-002   0.0000000000000000     
  -3.6999999999999998E-002
   3.1000000000000000E-002
  0.99399999999999999     
  0.99700000000000000     

   0.0000000000000000        0.0000000000000000        0.0000000000000000     
  -2.8000000000000001E-002
   4.1000000000000002E-002
  0.98299999999999998     
  0.98699999999999999     

   1.1572834470160377E-002  -1.9964559028551342E-002   0.0000000000000000     
  -2.9999999999999999E-002
   3.9000000000000000E-002
  0.98599999999999999     
  0.98899999999999999     

   2.3145461046335618E-002  -3.9929238084752162E-002   0.0000000000000000     
  -3.5999999999999997E-002
   3.2000000000000001E-002
  0.99299999999999999     
  0.99600000000000000     

   3.4718295516496113E-002  -5.9893797113303435E-002   0.0000000000000000     
  -4.5999999999999999E-002
   2.1000000000000001E-002
   1.0040000000000000     
   1.0060000000000000     

   4.6291129986656493E-002  -7.9858356141854783E-002   0.0000000000000000     
  -5.8999999999999997E-002
   7.0000000000000001E-003
   1.0180000000000000     
   1.0189999999999999     

   5.7863756562831846E-002  -9.9823035198055521E-002   0.0000000000000000     
  -7.3999999999999996E-002
  -8.9999999999999993E-003
   1.0340000000000000     
   1.0349999999999999     

   6.9436591032992226E-002 -0.11978759422660687        0.0000000000000000     
  -9.0999999999999998E-002
  -2.8000000000000001E-002
   1.0520000000000000     
   1.0529999999999999     

   8.1009425503152599E-002 -0.13975215325515819        0.0000000000000000     
 -0.11000000000000000     
  -4.8000000000000001E-002
   1.0700000000000001     
   1.0740000000000001     

   9.2582052079327959E-002 -0.15971683231135902        0.0000000000000000     
 -0.12900000000000000     
  -6.9000000000000006E-002
   1.0900000000000001     
   1.0950000000000000     

  0.10415488654948833      -0.17968139133991035        0.0000000000000000     
 -0.14999999999999999     
  -8.9999999999999997E-002
   1.1100000000000001     
   1.1160000000000001     

  0.11572772101964872      -0.19964595036846169        0.0000000000000000     
 -0.17000000000000001     
 -0.11200000000000000     
   1.1299999999999999     
   1.1379999999999999     

  0.12730034759582406      -0.21961062942466245        0.0000000000000000     
 -0.19100000000000000     
 -0.13400000000000001     
   1.1490000000000000     
   1.1590000000000000     

  0.13887318206598445      -0.23957518845321379        0.0000000000000000     
 -0.21099999999999999     
 -0.15600000000000000     
   1.1679999999999999     
   1.1790000000000000     

  0.15044601653614495      -0.25953974748176506        0.0000000000000000     
 -0.23100000000000001     
 -0.17799999999999999     
   1.1859999999999999     
   1.1990000000000001     

  0.16201864311232017      -0.27950442653796592        0.0000000000000000     
 -0.25200000000000000     
 -0.19900000000000001     
   1.2030000000000001     
   1.2170000000000001     

  0.17359147758248056      -0.29946898556651724        0.0000000000000000     
 -0.27200000000000002     
 -0.22100000000000000     
   1.2180000000000000     
   1.2330000000000001     

  0.18516431205264106      -0.31943354459506851        0.0000000000000000     
 -0.29199999999999998     
 -0.24199999999999999     
   1.2310000000000001     
   1.2470000000000001     

  0.19673693862881630      -0.33939822365126932        0.0000000000000000     
 -0.31300000000000000     
 -0.26400000000000001     
   1.2420000000000000     
   1.2589999999999999     

  0.20830977309897666      -0.35936278267982069        0.0000000000000000     
 -0.33400000000000002     
 -0.28599999999999998     
   1.2509999999999999     
   1.2689999999999999     

  0.21988260756913716      -0.37932734170837201        0.0000000000000000     
 -0.35699999999999998     
 -0.31000000000000000     
   1.2569999999999999     
   1.2760000000000000     

  0.23145523414531241      -0.39929202076457282        0.0000000000000000     
 -0.38000000000000000     
 -0.33500000000000002     
   1.2620000000000000     
   1.2789999999999999     

  0.24302806861547291      -0.41925657979312414        0.0000000000000000     
 -0.40600000000000003     
 -0.36099999999999999     
   1.2629999999999999     
   1.2800000000000000     

  0.25460090308563327      -0.43922113882167541        0.0000000000000000     
 -0.43300000000000000     
 -0.39000000000000001     
   1.2629999999999999     
   1.2780000000000000     

  0.26617352966180852      -0.45918581787787627        0.0000000000000000     
 -0.46400000000000002     
 -0.42199999999999999     
   1.2600000000000000     
   1.2740000000000000     

  0.27774636413196901      -0.47915037690642748        0.0000000000000000     
 -0.49800000000000000     
 -0.45800000000000002     
   1.2560000000000000     
   1.2680000000000000     

  0.28931919860212940      -0.49911493593497891        0.0000000000000000     
 -0.53600000000000003     
 -0.49700000000000000     
   1.2520000000000000     
   1.2609999999999999     

  0.30089182517830476      -0.51907961499117961        0.0000000000000000     
 -0.57799999999999996     
 -0.54100000000000004     
   1.2470000000000001     
   1.2529999999999999     

  0.31246465964846515      -0.53904417401973093        0.0000000000000000     
 -0.62500000000000000     
 -0.58999999999999997     
   1.2420000000000000     
   1.2470000000000001     

  0.32403749411862548      -0.55900873304828236        0.0000000000000000     
 -0.67600000000000005     
 -0.64400000000000002     
   1.2390000000000001     
   1.2420000000000000     

  0.33561012069480084      -0.57897341210448305        0.0000000000000000     
 -0.72499999999999998     
 -0.69899999999999995     
   1.2370000000000001     
   1.2380000000000000     

  0.34718295516496123      -0.59893797113303449        0.0000000000000000     
 -0.74199999999999999     
 -0.74199999999999999     
   1.2370000000000001     
   1.2370000000000001     

