 -0.66059710059519738       -1.1441877522476707        0.0000000000000000     
  0.40899999999999997     
  0.40899999999999997     
   3.4760000000000000     
   3.4760000000000000     

 -0.63857719724202411       -1.0874342072052086        0.0000000000000000     
  0.40799999999999997     
  0.40799999999999997     
   3.4630000000000001     
   3.4640000000000000     

 -0.61655729388885094       -1.0306806621627467        0.0000000000000000     
  0.40699999999999997     
  0.40699999999999997     
   3.4190000000000000     
   3.4199999999999999     

 -0.59453739053567767      -0.97392940778645509        0.0000000000000000     
  0.40400000000000003     
  0.40400000000000003     
   3.3310000000000000     
   3.3340000000000001     

 -0.57251748718250439      -0.91717586274399299        0.0000000000000000     
  0.39900000000000002     
  0.39900000000000002     
   3.2010000000000001     
   3.2069999999999999     

 -0.55049758382933112      -0.86042231770153110        0.0000000000000000     
  0.39100000000000001     
  0.39100000000000001     
   3.0449999999999999     
   3.0550000000000002     

 -0.52847768047615795      -0.80366877265906900        0.0000000000000000     
  0.37900000000000000     
  0.37900000000000000     
   2.8809999999999998     
   2.8940000000000001     

 -0.50645777712298468      -0.74691751828277742        0.0000000000000000     
  0.36099999999999999     
  0.36199999999999999     
   2.7210000000000001     
   2.7229999999999999     

 -0.48443787376981146      -0.69016397324031542        0.0000000000000000     
  0.33800000000000002     
  0.33900000000000002     
   2.5539999999999998     
   2.5649999999999999     

 -0.46241797041663818      -0.63341042819785343        0.0000000000000000     
  0.30800000000000000     
  0.31100000000000000     
   2.4009999999999998     
   2.4190000000000000     

 -0.44039806706346496      -0.57665688315539132        0.0000000000000000     
  0.27300000000000002     
  0.28100000000000003     
   2.2660000000000000     
   2.2909999999999999     

 -0.41837816371029168      -0.51990562877909974        0.0000000000000000     
  0.23799999999999999     
  0.25200000000000000     
   2.1509999999999998     
   2.1810000000000000     

 -0.39635826035711841      -0.46315208373663774        0.0000000000000000     
  0.20599999999999999     
  0.22900000000000001     
   2.0539999999999998     
   2.0880000000000001     

 -0.37433835700394519      -0.40639853869417575        0.0000000000000000     
  0.18500000000000000     
  0.21800000000000000     
   1.9740000000000000     
   2.0099999999999998     

 -0.35231845365077191      -0.34964499365171375        0.0000000000000000     
  0.17799999999999999     
  0.22000000000000000     
   1.9079999999999999     
   1.9419999999999999     

 -0.33029855029759869      -0.29289373927542217        0.0000000000000000     
  0.18300000000000000     
  0.23499999999999999     
   1.8570000000000000     
   1.8850000000000000     

 -0.30827864694442547      -0.23614019423296012        0.0000000000000000     
  0.19900000000000001     
  0.25700000000000001     
   1.8230000000000000     
   1.8400000000000001     

 -0.28625874359125220      -0.17938664919049807        0.0000000000000000     
  0.22000000000000000     
  0.28499999999999998     
   1.8080000000000001     
   1.8129999999999999     

 -0.26423884023807898      -0.12263310414803610        0.0000000000000000     
  0.24500000000000000     
  0.31400000000000000     
   1.8069999999999999     
   1.8149999999999999     

 -0.24221893688490573       -6.5879559105574054E-002   0.0000000000000000     
  0.27200000000000002     
  0.34499999999999997     
   1.8250000000000000     
   1.8420000000000001     

 -0.22019903353173248       -9.1283047292824854E-003   0.0000000000000000     
  0.30299999999999999     
  0.37800000000000000     
   1.8580000000000001     
   1.8770000000000000     

 -0.19817913017855923        4.7625240313179579E-002   0.0000000000000000     
  0.33700000000000002     
  0.41399999999999998     
   1.8600000000000001     
   1.8690000000000000     

 -0.17615922682538598       0.10437878535564153        0.0000000000000000     
  0.37600000000000000     
  0.45300000000000001     
   1.8230000000000000     
   1.8310000000000000     

 -0.15413932347221271       0.16113233039810360        0.0000000000000000     
  0.41899999999999998     
  0.49800000000000000     
   1.7789999999999999     
   1.7849999999999999     

 -0.13211942011903946       0.21788358477439521        0.0000000000000000     
  0.46600000000000003     
  0.54600000000000004     
   1.7300000000000000     
   1.7360000000000000     

 -0.11009951676586621       0.27463712981685723        0.0000000000000000     
  0.51400000000000001     
  0.59499999999999997     
   1.6799999999999999     
   1.6870000000000001     

  -8.8079613412692964E-002  0.33139067485931922        0.0000000000000000     
  0.56100000000000005     
  0.64500000000000002     
   1.6310000000000000     
   1.6399999999999999     

  -6.6059710059519730E-002  0.38814421990178122        0.0000000000000000     
  0.60299999999999998     
  0.68899999999999995     
   1.5870000000000000     
   1.5980000000000001     

  -4.4039806706346482E-002  0.44489547427807297        0.0000000000000000     
  0.63600000000000001     
  0.72599999999999998     
   1.5520000000000000     
   1.5649999999999999     

  -2.2019903353173241E-002  0.50164901932053485        0.0000000000000000     
  0.65700000000000003     
  0.74900000000000000     
   1.5280000000000000     
   1.5440000000000000     

   0.0000000000000000       0.55840256436299684        0.0000000000000000     
  0.66500000000000004     
  0.75700000000000001     
   1.5200000000000000     
   1.5369999999999999     

   1.1043675852893262E-002  0.54278136641579700        0.0000000000000000     
  0.66300000000000003     
  0.75500000000000000     
   1.5220000000000000     
   1.5389999999999999     

   2.2085367930709712E-002  0.52715673246934147        0.0000000000000000     
  0.65800000000000003     
  0.75000000000000000     
   1.5280000000000000     
   1.5429999999999999     

   3.3129043783602978E-002  0.51153553452214162        0.0000000000000000     
  0.65000000000000002     
  0.74099999999999999     
   1.5360000000000000     
   1.5509999999999999     

   4.4172719636496237E-002  0.49591433657494183        0.0000000000000000     
  0.64000000000000001     
  0.72999999999999998     
   1.5480000000000000     
   1.5609999999999999     

   5.5214411714312690E-002  0.48029199329465677        0.0000000000000000     
  0.62800000000000000     
  0.71599999999999997     
   1.5609999999999999     
   1.5730000000000000     

   6.6258087567205956E-002  0.46466850468128645        0.0000000000000000     
  0.61399999999999999     
  0.70099999999999996     
   1.5760000000000001     
   1.5870000000000000     

   7.7301763420099215E-002  0.44904730673408666        0.0000000000000000     
  0.59899999999999998     
  0.68500000000000005     
   1.5920000000000001     
   1.6020000000000001     

   8.8343455497915668E-002  0.43342496345380144        0.0000000000000000     
  0.58399999999999996     
  0.66800000000000004     
   1.6090000000000000     
   1.6170000000000000     

   9.9387131350808927E-002  0.41780376550660181        0.0000000000000000     
  0.56799999999999995     
  0.65100000000000002     
   1.6259999999999999     
   1.6330000000000000     

  0.11043080720370219       0.40218027689323160        0.0000000000000000     
  0.55100000000000005     
  0.63300000000000001     
   1.6430000000000000     
   1.6490000000000000     

  0.12147249928151864       0.38655793361294627        0.0000000000000000     
  0.53500000000000003     
  0.61499999999999999     
   1.6599999999999999     
   1.6650000000000000     

  0.13251617513441191       0.37093673566574659        0.0000000000000000     
  0.51800000000000002     
  0.59799999999999998     
   1.6759999999999999     
   1.6799999999999999     

  0.14355985098730517       0.35531553771854696        0.0000000000000000     
  0.50200000000000000     
  0.57999999999999996     
   1.6919999999999999     
   1.6940000000000000     

  0.15460154306512161       0.33969090377209121        0.0000000000000000     
  0.48599999999999999     
  0.56299999999999994     
   1.7060000000000000     
   1.7080000000000000     

  0.16564521891801487       0.32406970582489142        0.0000000000000000     
  0.46999999999999997     
  0.54600000000000004     
   1.7200000000000000     
   1.7200000000000000     

  0.17668889477090824       0.30844850787769179        0.0000000000000000     
  0.45300000000000001     
  0.52900000000000003     
   1.7310000000000001     
   1.7320000000000000     

  0.18773058684872460       0.29282616459740640        0.0000000000000000     
  0.43700000000000000     
  0.51100000000000001     
   1.7410000000000001     
   1.7420000000000000     

  0.19877426270161785       0.27720267598403625        0.0000000000000000     
  0.41999999999999998     
  0.49299999999999999     
   1.7490000000000001     
   1.7509999999999999     

  0.20981793855451122       0.26158147803683662        0.0000000000000000     
  0.40200000000000002     
  0.47499999999999998     
   1.7560000000000000     
   1.7580000000000000     

  0.22085963063232755       0.24595913475655123        0.0000000000000000     
  0.38300000000000001     
  0.45500000000000002     
   1.7600000000000000     
   1.7629999999999999     

  0.23190330648522092       0.23033564614318111        0.0000000000000000     
  0.36299999999999999     
  0.43300000000000000     
   1.7629999999999999     
   1.7649999999999999     

  0.24294698233811421       0.21471444819598146        0.0000000000000000     
  0.34000000000000002     
  0.40999999999999998     
   1.7640000000000000     
   1.7660000000000000     

  0.25398867441593065       0.19909210491569609        0.0000000000000000     
  0.31600000000000000     
  0.38300000000000001     
   1.7640000000000000     
   1.7649999999999999     

  0.26503235026882394       0.18347090696849644        0.0000000000000000     
  0.28799999999999998     
  0.35399999999999998     
   1.7620000000000000     
   1.7629999999999999     

  0.27607602612171717       0.16784741835512626        0.0000000000000000     
  0.25600000000000001     
  0.32000000000000001     
   1.7589999999999999     
   1.7589999999999999     

  0.28711771819953363       0.15222507507484093        0.0000000000000000     
  0.22000000000000000     
  0.28199999999999997     
   1.7560000000000000     
   1.7560000000000000     

  0.29816139405242686       0.13660387712764127        0.0000000000000000     
  0.18099999999999999     
  0.23899999999999999     
   1.7529999999999999     
   1.7529999999999999     

  0.30920506990532015       0.12098267918044145        0.0000000000000000     
  0.14000000000000001     
  0.19200000000000000     
   1.7500000000000000     
   1.7500000000000000     

  0.32024676198313662       0.10535804523398576        0.0000000000000000     
  0.10500000000000000     
  0.14299999999999999     
   1.7480000000000000     
   1.7490000000000001     

  0.33129043783602985        8.9736847286786076E-002   0.0000000000000000     
  0.10400000000000000     
  0.10400000000000000     
   1.7480000000000000     
   1.7480000000000000     

