 -0.66116407053600146       -1.1451697729326775        0.0000000000000000     
  0.28699999999999998     
  0.28699999999999998     
   3.1419999999999999     
   3.1419999999999999     

 -0.63912526818480142       -1.1069974471682551        0.0000000000000000     
  0.28499999999999998     
  0.28499999999999998     
   3.1400000000000001     
   3.1419999999999999     

 -0.61708646583360138       -1.0688251214038325        0.0000000000000000     
  0.27800000000000002     
  0.27800000000000002     
   3.1230000000000002     
   3.1320000000000001     

 -0.59504766348240135       -1.0306527956394098        0.0000000000000000     
  0.26600000000000001     
  0.26700000000000002     
   3.0840000000000001     
   3.1010000000000000     

 -0.57300886113120131      -0.99248046987498717        0.0000000000000000     
  0.24800000000000000     
  0.24900000000000000     
   3.0329999999999999     
   3.0520000000000000     

 -0.55097005878000127      -0.95430814411056475        0.0000000000000000     
  0.22100000000000000     
  0.22200000000000000     
   2.9780000000000002     
   2.9889999999999999     

 -0.52893125642880123      -0.91613581834614211        0.0000000000000000     
  0.18400000000000000     
  0.18600000000000000     
   2.8990000000000000     
   2.9199999999999999     

 -0.50689245407760120      -0.87796349258171946        0.0000000000000000     
  0.13500000000000001     
  0.13900000000000001     
   2.7970000000000002     
   2.8130000000000002     

 -0.48485365172640110      -0.83979116681729704        0.0000000000000000     
   7.2999999999999995E-002
   7.9000000000000001E-002
   2.6980000000000000     
   2.7080000000000002     

 -0.46281484937520107      -0.80161884105287440        0.0000000000000000     
  -3.0000000000000001E-003
   8.0000000000000002E-003
   2.6099999999999999     
   2.6110000000000002     

 -0.44077604702400103      -0.76344651528845187        0.0000000000000000     
  -8.9999999999999997E-002
  -7.1999999999999995E-002
   2.5230000000000001     
   2.5329999999999999     

 -0.41873724467280099      -0.72527418952402922        0.0000000000000000     
 -0.18400000000000000     
 -0.15800000000000000     
   2.4430000000000001     
   2.4660000000000002     

 -0.39669844232160090      -0.68710186375960658        0.0000000000000000     
 -0.27800000000000002     
 -0.24099999999999999     
   2.3719999999999999     
   2.4079999999999999     

 -0.37465963997040080      -0.64892953799518394        0.0000000000000000     
 -0.36299999999999999     
 -0.31400000000000000     
   2.3130000000000002     
   2.3610000000000002     

 -0.35262083761920077      -0.61075721223076140        0.0000000000000000     
 -0.42899999999999999     
 -0.36799999999999999     
   2.2700000000000000     
   2.3279999999999998     

 -0.33058203526800073      -0.57258488646633876        0.0000000000000000     
 -0.46999999999999997     
 -0.39700000000000002     
   2.2460000000000000     
   2.3140000000000001     

 -0.30854323291680069      -0.53441256070191623        0.0000000000000000     
 -0.48399999999999999     
 -0.40100000000000002     
   2.2469999999999999     
   2.3210000000000002     

 -0.28650443056560065      -0.49624023493749359        0.0000000000000000     
 -0.47499999999999998     
 -0.38600000000000001     
   2.2730000000000001     
   2.3510000000000000     

 -0.26446562821440062      -0.45806790917307105        0.0000000000000000     
 -0.45000000000000001     
 -0.35499999999999998     
   2.3239999999999998     
   2.4009999999999998     

 -0.24242682586320055      -0.41989558340864852        0.0000000000000000     
 -0.41199999999999998     
 -0.31400000000000000     
   2.3940000000000001     
   2.4630000000000001     

 -0.22038802351200051      -0.38172325764422593        0.0000000000000000     
 -0.36299999999999999     
 -0.26100000000000001     
   2.4720000000000000     
   2.5240000000000000     

 -0.19834922116080048      -0.34355093187980335        0.0000000000000000     
 -0.30299999999999999     
 -0.19800000000000001     
   2.5369999999999999     
   2.5630000000000002     

 -0.17631041880960041      -0.30537860611538070        0.0000000000000000     
 -0.23300000000000001     
 -0.12400000000000000     
   2.5690000000000000     
   2.5690000000000000     

 -0.15427161645840032      -0.26720628035095806        0.0000000000000000     
 -0.15400000000000000     
  -4.1000000000000002E-002
   2.5390000000000001     
   2.5550000000000002     

 -0.13223281410720028      -0.22903395458653547        0.0000000000000000     
  -6.8000000000000005E-002
   4.9000000000000002E-002
   2.4809999999999999     
   2.5030000000000001     

 -0.11019401175600023      -0.19086162882211288        0.0000000000000000     
   2.0000000000000000E-002
  0.14199999999999999     
   2.4060000000000001     
   2.4270000000000000     

  -8.8155209404800178E-002 -0.15268930305769032        0.0000000000000000     
  0.10500000000000000     
  0.23300000000000001     
   2.3230000000000000     
   2.3399999999999999     

  -6.6116407053600140E-002 -0.11451697729326774        0.0000000000000000     
  0.17999999999999999     
  0.31600000000000000     
   2.2429999999999999     
   2.2540000000000000     

  -4.4077604702400089E-002  -7.6344651528845162E-002   0.0000000000000000     
  0.23999999999999999     
  0.38200000000000001     
   2.1770000000000000     
   2.1819999999999999     

  -2.2038802351200044E-002  -3.8172325764422581E-002   0.0000000000000000     
  0.27800000000000002     
  0.42499999999999999     
   2.1330000000000000     
   2.1339999999999999     

   0.0000000000000000        0.0000000000000000        0.0000000000000000     
  0.29199999999999998     
  0.44000000000000000     
   2.1150000000000002     
   2.1179999999999999     

   1.1052558653011250E-002  -1.9067019403524649E-002   0.0000000000000000     
  0.28799999999999998     
  0.43600000000000000     
   2.1200000000000001     
   2.1219999999999999     

   2.2104918758253562E-002  -3.8134153438658204E-002   0.0000000000000000     
  0.28000000000000003     
  0.42599999999999999     
   2.1320000000000001     
   2.1330000000000000     

   3.3157477411264923E-002  -5.7201172842182790E-002   0.0000000000000000     
  0.26700000000000002     
  0.41099999999999998     
   2.1499999999999999     
   2.1509999999999998     

   4.4210036064276169E-002  -7.6268192245707439E-002   0.0000000000000000     
  0.24900000000000000     
  0.39200000000000002     
   2.1720000000000002     
   2.1760000000000002     

   5.5262396169518599E-002  -9.5335326280840918E-002   0.0000000000000000     
  0.22900000000000001     
  0.36899999999999999     
   2.1989999999999998     
   2.2069999999999999     

   6.6314954822529845E-002 -0.11440234568436558        0.0000000000000000     
  0.20599999999999999     
  0.34300000000000003     
   2.2300000000000000     
   2.2410000000000001     

   7.7367513475541091E-002 -0.13346936508789023        0.0000000000000000     
  0.18300000000000000     
  0.31700000000000000     
   2.2629999999999999     
   2.2780000000000000     

   8.8419873580783515E-002 -0.15253649912302378        0.0000000000000000     
  0.15800000000000000     
  0.28999999999999998     
   2.2980000000000000     
   2.3180000000000001     

   9.9472432233794761E-002 -0.17160351852654845        0.0000000000000000     
  0.13400000000000001     
  0.26300000000000001     
   2.3350000000000000     
   2.3580000000000001     

  0.11052499088680602      -0.19067053793007310        0.0000000000000000     
  0.11000000000000000     
  0.23599999999999999     
   2.3710000000000000     
   2.3990000000000000     

  0.12157735099204844      -0.20973767196520660        0.0000000000000000     
   8.5999999999999993E-002
  0.20999999999999999     
   2.4070000000000000     
   2.4390000000000001     

  0.13262990964505969      -0.22880469136873122        0.0000000000000000     
   6.4000000000000001E-002
  0.18600000000000000     
   2.4420000000000002     
   2.4780000000000002     

  0.14368246829807105      -0.24787171077225578        0.0000000000000000     
   4.2999999999999997E-002
  0.16300000000000001     
   2.4760000000000000     
   2.5160000000000000     

  0.15473482840331337      -0.26693884480738939        0.0000000000000000     
   2.3000000000000000E-002
  0.14099999999999999     
   2.5070000000000001     
   2.5510000000000002     

  0.16578738705632462      -0.28600586421091401        0.0000000000000000     
   4.0000000000000001E-003
  0.12000000000000000     
   2.5360000000000000     
   2.5840000000000001     

  0.17683994570933598      -0.30507288361443863        0.0000000000000000     
  -1.4000000000000000E-002
  0.10000000000000001     
   2.5619999999999998     
   2.6130000000000000     

  0.18789230581457828      -0.32414001764957212        0.0000000000000000     
  -3.2000000000000001E-002
   8.1000000000000003E-002
   2.5850000000000000     
   2.6389999999999998     

  0.19894486446758952      -0.34320703705309685        0.0000000000000000     
  -5.0000000000000003E-002
   6.0999999999999999E-002
   2.6040000000000001     
   2.6600000000000001     

  0.20999742312060091      -0.36227405645662147        0.0000000000000000     
  -6.7000000000000004E-002
   4.2000000000000003E-002
   2.6210000000000000     
   2.6779999999999999     

  0.22104978322584320      -0.38134119049175508        0.0000000000000000     
  -8.5999999999999993E-002
   2.1999999999999999E-002
   2.6339999999999999     
   2.6899999999999999     

  0.23210234187885456      -0.40040820989527959        0.0000000000000000     
 -0.10500000000000000     
   1.0000000000000000E-003
   2.6429999999999998     
   2.6980000000000000     

  0.24315490053186581      -0.41947522929880426        0.0000000000000000     
 -0.12600000000000000     
  -2.1999999999999999E-002
   2.6499999999999999     
   2.7010000000000001     

  0.25420726063710813      -0.43854236333393776        0.0000000000000000     
 -0.14899999999999999     
  -4.7000000000000000E-002
   2.6539999999999999     
   2.7000000000000002     

  0.26525981929011949      -0.45760938273746238        0.0000000000000000     
 -0.17399999999999999     
  -7.4999999999999997E-002
   2.6560000000000001     
   2.6970000000000001     

  0.27631237794313074      -0.47667640214098705        0.0000000000000000     
 -0.20200000000000001     
 -0.10700000000000000     
   2.6570000000000000     
   2.6909999999999998     

  0.28736473804837315      -0.49574353617612049        0.0000000000000000     
 -0.23100000000000001     
 -0.14099999999999999     
   2.6570000000000000     
   2.6840000000000002     

  0.29841729670138439      -0.51481055557964517        0.0000000000000000     
 -0.26100000000000001     
 -0.17899999999999999     
   2.6570000000000000     
   2.6779999999999999     

  0.30946985535439564      -0.53387757498316990        0.0000000000000000     
 -0.28599999999999998     
 -0.21800000000000000     
   2.6579999999999999     
   2.6709999999999998     

  0.32052221545963810      -0.55294470901830328        0.0000000000000000     
 -0.29799999999999999     
 -0.25700000000000001     
   2.6589999999999998     
   2.6659999999999999     

  0.33157477411264935      -0.57201172842182801        0.0000000000000000     
 -0.28699999999999998     
 -0.28699999999999998     
   2.6619999999999999     
   2.6619999999999999     

